bj568kupxvrdv
9b4p2rr97qs57
2acmu0pw3c7vd
9zrknukqjrb65
17az76gnp6dsd
8sub4rbu629r3
btfuduhtshz7x
axatbda2f7bzg
cygb505n5kk07
6ta71r3xy1556
afyrz0t46xajg
77c2jduty26fa
8yrzsa9qsfbb8
5gjb9nj5x5pyq
9v9zkxu1bhmzv
2yv9mvxzfa0jt
dgzfagatquxbb
5ufngsx540d6j
4yf1y5a0dr79u
dgnp2r8nc8fkg
4ttg7d3uwuh2q
6kf1u3bq57j30
aqma4vbqrbmsx
3vwvycsg6v563
cfrbwdmt0vdb1
d02zthmxrkyxv
3zgg96wshpvda
4vvmpmp6p8z3t
9ns5snyj01b0c
65sfmkhfp0xrd
catmp56q7wdkh
2xb5cvpnbmv7g
fswjmryxnzvam
50bpmcxgf9sqf
acpuz4mapq1gs
19pc3bb64q8w3
cyz5f332jfh4v
7uyc4nuxvms9g
5ndjm3d5jdyua
ay7fu6p7ypv73

